{"/Users/pavlo/pets/rock-paper-scissors/src/js/Game/Game.ts": {"path":"/Users/pavlo/pets/rock-paper-scissors/src/js/Game/Game.ts","statementMap":{"0":{"start":{"line":1,"column":0},"end":{"line":1,"column":52}},"1":{"start":{"line":2,"column":0},"end":{"line":2,"column":38}},"2":{"start":{"line":3,"column":0},"end":{"line":3,"column":54}},"3":{"start":{"line":5,"column":0},"end":{"line":5,"column":52}},"4":{"start":{"line":7,"column":0},"end":{"line":7,"column":null}},"5":{"start":{"line":17,"column":1},"end":{"line":17,"column":null}},"6":{"start":{"line":22,"column":2},"end":{"line":22,"column":19}},"7":{"start":{"line":23,"column":2},"end":{"line":23,"column":61}},"8":{"start":{"line":26,"column":2},"end":{"line":26,"column":43}},"9":{"start":{"line":27,"column":2},"end":{"line":29,"column":5}},"10":{"start":{"line":28,"column":3},"end":{"line":28,"column":56}},"11":{"start":{"line":32,"column":2},"end":{"line":32,"column":33}},"12":{"start":{"line":33,"column":2},"end":{"line":33,"column":43}},"13":{"start":{"line":34,"column":2},"end":{"line":34,"column":23}},"14":{"start":{"line":35,"column":2},"end":{"line":35,"column":28}},"15":{"start":{"line":38,"column":2},"end":{"line":38,"column":61}},"16":{"start":{"line":39,"column":2},"end":{"line":41,"column":58}},"17":{"start":{"line":44,"column":2},"end":{"line":46,"column":53}},"18":{"start":{"line":48,"column":2},"end":{"line":48,"column":20}},"19":{"start":{"line":51,"column":1},"end":{"line":64,"column":null}},"20":{"start":{"line":52,"column":2},"end":{"line":57,"column":4}},"21":{"start":{"line":58,"column":2},"end":{"line":63,"column":4}},"22":{"start":{"line":66,"column":1},"end":{"line":70,"column":null}},"23":{"start":{"line":67,"column":2},"end":{"line":67,"column":25}},"24":{"start":{"line":68,"column":2},"end":{"line":68,"column":25}},"25":{"start":{"line":69,"column":2},"end":{"line":69,"column":20}},"26":{"start":{"line":72,"column":1},"end":{"line":84,"column":null}},"27":{"start":{"line":73,"column":2},"end":{"line":73,"column":37}},"28":{"start":{"line":74,"column":2},"end":{"line":74,"column":37}},"29":{"start":{"line":76,"column":2},"end":{"line":76,"column":66}},"30":{"start":{"line":77,"column":2},"end":{"line":78,"column":24}},"31":{"start":{"line":79,"column":2},"end":{"line":79,"column":20}},"32":{"start":{"line":81,"column":2},"end":{"line":83,"column":null}},"33":{"start":{"line":82,"column":3},"end":{"line":82,"column":31}},"34":{"start":{"line":86,"column":1},"end":{"line":105,"column":null}},"35":{"start":{"line":87,"column":24},"end":{"line":87,"column":51}},"36":{"start":{"line":88,"column":24},"end":{"line":88,"column":51}},"37":{"start":{"line":90,"column":2},"end":{"line":92,"column":null}},"38":{"start":{"line":91,"column":3},"end":{"line":91,"column":41}},"39":{"start":{"line":94,"column":2},"end":{"line":102,"column":null}},"40":{"start":{"line":95,"column":3},"end":{"line":95,"column":22}},"41":{"start":{"line":96,"column":3},"end":{"line":96,"column":55}},"42":{"start":{"line":97,"column":9},"end":{"line":102,"column":null}},"43":{"start":{"line":98,"column":3},"end":{"line":98,"column":22}},"44":{"start":{"line":99,"column":3},"end":{"line":99,"column":55}},"45":{"start":{"line":101,"column":3},"end":{"line":101,"column":28}},"46":{"start":{"line":104,"column":2},"end":{"line":104,"column":20}},"47":{"start":{"line":107,"column":1},"end":{"line":110,"column":null}},"48":{"start":{"line":108,"column":2},"end":{"line":108,"column":65}},"49":{"start":{"line":109,"column":2},"end":{"line":109,"column":75}},"50":{"start":{"line":112,"column":1},"end":{"line":122,"column":null}},"51":{"start":{"line":112,"column":1},"end":{"line":112,"column":19}},"52":{"start":{"line":114,"column":2},"end":{"line":116,"column":5}},"53":{"start":{"line":115,"column":3},"end":{"line":115,"column":31}},"54":{"start":{"line":119,"column":2},"end":{"line":121,"column":5}},"55":{"start":{"line":120,"column":3},"end":{"line":120,"column":23}},"56":{"start":{"line":124,"column":1},"end":{"line":128,"column":null}},"57":{"start":{"line":125,"column":2},"end":{"line":127,"column":4}},"58":{"start":{"line":130,"column":1},"end":{"line":133,"column":null}},"59":{"start":{"line":131,"column":2},"end":{"line":131,"column":24}},"60":{"start":{"line":132,"column":2},"end":{"line":132,"column":24}},"61":{"start":{"line":134,"column":0},"end":{"line":134,"column":null}}},"fnMap":{"0":{"name":"(anonymous_0)","decl":{"start":{"line":7,"column":0},"end":{"line":7,"column":null}},"loc":{"start":{"line":7,"column":0},"end":{"line":134,"column":null}}},"1":{"name":"Game","decl":{"start":{"line":17,"column":1},"end":{"line":17,"column":null}},"loc":{"start":{"line":20,"column":27},"end":{"line":49,"column":2}}},"2":{"name":"(anonymous_2)","decl":{"start":{"line":27,"column":21},"end":{"line":27,"column":22}},"loc":{"start":{"line":27,"column":32},"end":{"line":29,"column":3}}},"3":{"name":"(anonymous_3)","decl":{"start":{"line":51,"column":1},"end":{"line":51,"column":14}},"loc":{"start":{"line":51,"column":1},"end":{"line":64,"column":2}}},"4":{"name":"(anonymous_4)","decl":{"start":{"line":66,"column":1},"end":{"line":66,"column":6}},"loc":{"start":{"line":66,"column":1},"end":{"line":70,"column":2}}},"5":{"name":"(anonymous_5)","decl":{"start":{"line":72,"column":1},"end":{"line":72,"column":11}},"loc":{"start":{"line":72,"column":1},"end":{"line":84,"column":2}}},"6":{"name":"(anonymous_6)","decl":{"start":{"line":86,"column":1},"end":{"line":86,"column":13}},"loc":{"start":{"line":86,"column":1},"end":{"line":105,"column":2}}},"7":{"name":"(anonymous_7)","decl":{"start":{"line":107,"column":1},"end":{"line":107,"column":11}},"loc":{"start":{"line":107,"column":27},"end":{"line":110,"column":2}}},"8":{"name":"(anonymous_8)","decl":{"start":{"line":112,"column":1},"end":{"line":112,"column":19}},"loc":{"start":{"line":112,"column":1},"end":{"line":122,"column":2}}},"9":{"name":"(anonymous_9)","decl":{"start":{"line":114,"column":62},"end":{"line":114,"column":null}},"loc":{"start":{"line":114,"column":62},"end":{"line":116,"column":3}}},"10":{"name":"(anonymous_10)","decl":{"start":{"line":119,"column":62},"end":{"line":119,"column":null}},"loc":{"start":{"line":119,"column":62},"end":{"line":121,"column":3}}},"11":{"name":"(anonymous_11)","decl":{"start":{"line":124,"column":1},"end":{"line":124,"column":17}},"loc":{"start":{"line":124,"column":1},"end":{"line":128,"column":2}}},"12":{"name":"(anonymous_12)","decl":{"start":{"line":130,"column":1},"end":{"line":130,"column":11}},"loc":{"start":{"line":130,"column":1},"end":{"line":133,"column":2}}}},"branchMap":{"0":{"loc":{"start":{"line":81,"column":2},"end":{"line":83,"column":null}},"type":"if","locations":[{"start":{"line":81,"column":2},"end":{"line":83,"column":null}}]},"1":{"loc":{"start":{"line":90,"column":2},"end":{"line":92,"column":null}},"type":"if","locations":[{"start":{"line":90,"column":2},"end":{"line":92,"column":null}}]},"2":{"loc":{"start":{"line":90,"column":6},"end":{"line":90,"column":38}},"type":"binary-expr","locations":[{"start":{"line":90,"column":6},"end":{"line":90,"column":20}},{"start":{"line":90,"column":24},"end":{"line":90,"column":38}}]},"3":{"loc":{"start":{"line":94,"column":2},"end":{"line":102,"column":null}},"type":"if","locations":[{"start":{"line":94,"column":2},"end":{"line":102,"column":null}},{"start":{"line":97,"column":9},"end":{"line":102,"column":null}}]},"4":{"loc":{"start":{"line":97,"column":9},"end":{"line":102,"column":null}},"type":"if","locations":[{"start":{"line":97,"column":9},"end":{"line":102,"column":null}},{"start":{"line":100,"column":9},"end":{"line":102,"column":null}}]},"5":{"loc":{"start":{"line":126,"column":3},"end":{"line":126,"column":77}},"type":"binary-expr","locations":[{"start":{"line":126,"column":3},"end":{"line":126,"column":38}},{"start":{"line":126,"column":42},"end":{"line":126,"column":77}}]}},"s":{"0":2,"1":2,"2":2,"3":2,"4":2,"5":2,"6":2,"7":2,"8":2,"9":2,"10":6,"11":2,"12":2,"13":2,"14":2,"15":2,"16":2,"17":2,"18":2,"19":2,"20":2,"21":2,"22":2,"23":1,"24":1,"25":1,"26":2,"27":4,"28":4,"29":4,"30":4,"31":4,"32":4,"33":1,"34":2,"35":5,"36":5,"37":5,"38":1,"39":4,"40":1,"41":1,"42":3,"43":1,"44":1,"45":2,"46":4,"47":2,"48":4,"49":4,"50":2,"51":2,"52":2,"53":1,"54":2,"55":1,"56":2,"57":6,"58":2,"59":10,"60":10,"61":2},"f":{"0":2,"1":2,"2":6,"3":2,"4":1,"5":4,"6":5,"7":4,"8":2,"9":1,"10":1,"11":6,"12":10},"b":{"0":[1],"1":[1],"2":[5,4],"3":[1,3],"4":[1,2],"5":[6,2]}}
,"/Users/pavlo/pets/rock-paper-scissors/src/js/Player/Player.ts": {"path":"/Users/pavlo/pets/rock-paper-scissors/src/js/Player/Player.ts","statementMap":{"0":{"start":{"line":4,"column":0},"end":{"line":4,"column":null}},"1":{"start":{"line":5,"column":1},"end":{"line":5,"column":null}},"2":{"start":{"line":6,"column":1},"end":{"line":6,"column":null}},"3":{"start":{"line":9,"column":0},"end":{"line":9,"column":null}},"4":{"start":{"line":28,"column":2},"end":{"line":28,"column":19}},"5":{"start":{"line":29,"column":2},"end":{"line":29,"column":17}},"6":{"start":{"line":30,"column":2},"end":{"line":30,"column":29}},"7":{"start":{"line":31,"column":2},"end":{"line":31,"column":37}},"8":{"start":{"line":32,"column":2},"end":{"line":32,"column":58}},"9":{"start":{"line":34,"column":2},"end":{"line":38,"column":4}},"10":{"start":{"line":40,"column":2},"end":{"line":40,"column":16}},"11":{"start":{"line":49,"column":1},"end":{"line":52,"column":null}},"12":{"start":{"line":50,"column":2},"end":{"line":50,"column":29}},"13":{"start":{"line":51,"column":2},"end":{"line":51,"column":22}},"14":{"start":{"line":54,"column":1},"end":{"line":58,"column":null}},"15":{"start":{"line":55,"column":2},"end":{"line":55,"column":49}},"16":{"start":{"line":56,"column":2},"end":{"line":56,"column":56}},"17":{"start":{"line":57,"column":2},"end":{"line":57,"column":22}},"18":{"start":{"line":60,"column":1},"end":{"line":66,"column":null}},"19":{"start":{"line":61,"column":2},"end":{"line":64,"column":null}},"20":{"start":{"line":62,"column":3},"end":{"line":62,"column":65}},"21":{"start":{"line":63,"column":3},"end":{"line":63,"column":10}},"22":{"start":{"line":65,"column":2},"end":{"line":65,"column":31}},"23":{"start":{"line":68,"column":1},"end":{"line":70,"column":null}},"24":{"start":{"line":69,"column":2},"end":{"line":69,"column":30}},"25":{"start":{"line":72,"column":1},"end":{"line":74,"column":null}},"26":{"start":{"line":73,"column":2},"end":{"line":73,"column":60}},"27":{"start":{"line":75,"column":0},"end":{"line":75,"column":null}}},"fnMap":{"0":{"name":"(anonymous_0)","decl":{"start":{"line":4,"column":0},"end":{"line":4,"column":12}},"loc":{"start":{"line":4,"column":22},"end":{"line":7,"column":1}}},"1":{"name":"(anonymous_1)","decl":{"start":{"line":9,"column":0},"end":{"line":9,"column":null}},"loc":{"start":{"line":9,"column":0},"end":{"line":75,"column":null}}},"2":{"name":"Player","decl":{"start":{"line":23,"column":1},"end":{"line":23,"column":null}},"loc":{"start":{"line":26,"column":30},"end":{"line":41,"column":2}}},"3":{"name":"(anonymous_3)","decl":{"start":{"line":49,"column":1},"end":{"line":49,"column":20}},"loc":{"start":{"line":49,"column":1},"end":{"line":52,"column":2}}},"4":{"name":"(anonymous_4)","decl":{"start":{"line":54,"column":1},"end":{"line":54,"column":7}},"loc":{"start":{"line":54,"column":1},"end":{"line":58,"column":2}}},"5":{"name":"(anonymous_5)","decl":{"start":{"line":60,"column":1},"end":{"line":60,"column":13}},"loc":{"start":{"line":60,"column":1},"end":{"line":66,"column":2}}},"6":{"name":"(anonymous_6)","decl":{"start":{"line":68,"column":1},"end":{"line":68,"column":4}},"loc":{"start":{"line":68,"column":1},"end":{"line":70,"column":2}}},"7":{"name":"(anonymous_7)","decl":{"start":{"line":72,"column":1},"end":{"line":72,"column":14}},"loc":{"start":{"line":72,"column":32},"end":{"line":74,"column":2}}}},"branchMap":{"0":{"loc":{"start":{"line":4,"column":12},"end":{"line":4,"column":null}},"type":"binary-expr","locations":[{"start":{"line":4,"column":12},"end":{"line":4,"column":22}},{"start":{"line":4,"column":12},"end":{"line":4,"column":null}}]},"1":{"loc":{"start":{"line":61,"column":2},"end":{"line":64,"column":null}},"type":"if","locations":[{"start":{"line":61,"column":2},"end":{"line":64,"column":null}}]}},"s":{"0":4,"1":4,"2":4,"3":4,"4":11,"5":11,"6":11,"7":11,"8":11,"9":11,"10":11,"11":4,"12":8,"13":8,"14":4,"15":31,"16":31,"17":31,"18":4,"19":46,"20":17,"21":17,"22":29,"23":4,"24":3,"25":4,"26":7,"27":4},"f":{"0":4,"1":4,"2":11,"3":8,"4":31,"5":46,"6":3,"7":7},"b":{"0":[4,4],"1":[17]}}
,"/Users/pavlo/pets/rock-paper-scissors/src/js/Player/PlayerAI.ts": {"path":"/Users/pavlo/pets/rock-paper-scissors/src/js/Player/PlayerAI.ts","statementMap":{"0":{"start":{"line":2,"column":0},"end":{"line":2,"column":46}},"1":{"start":{"line":4,"column":0},"end":{"line":4,"column":null}},"2":{"start":{"line":4,"column":40},"end":{"line":4,"column":46}},"3":{"start":{"line":10,"column":2},"end":{"line":10,"column":null}},"4":{"start":{"line":11,"column":2},"end":{"line":11,"column":28}},"5":{"start":{"line":13,"column":2},"end":{"line":13,"column":22}},"6":{"start":{"line":16,"column":1},"end":{"line":20,"column":null}},"7":{"start":{"line":17,"column":2},"end":{"line":17,"column":61}},"8":{"start":{"line":18,"column":2},"end":{"line":18,"column":22}},"9":{"start":{"line":19,"column":2},"end":{"line":19,"column":40}},"10":{"start":{"line":22,"column":1},"end":{"line":24,"column":null}},"11":{"start":{"line":23,"column":2},"end":{"line":23,"column":32}},"12":{"start":{"line":26,"column":1},"end":{"line":28,"column":null}},"13":{"start":{"line":27,"column":2},"end":{"line":27,"column":52}},"14":{"start":{"line":29,"column":0},"end":{"line":29,"column":null}}},"fnMap":{"0":{"name":"(anonymous_6)","decl":{"start":{"line":4,"column":0},"end":{"line":4,"column":40}},"loc":{"start":{"line":4,"column":0},"end":{"line":29,"column":null}}},"1":{"name":"PlayerUser","decl":{"start":{"line":5,"column":1},"end":{"line":5,"column":null}},"loc":{"start":{"line":8,"column":30},"end":{"line":14,"column":2}}},"2":{"name":"(anonymous_8)","decl":{"start":{"line":16,"column":1},"end":{"line":16,"column":13}},"loc":{"start":{"line":16,"column":1},"end":{"line":20,"column":2}}},"3":{"name":"(anonymous_9)","decl":{"start":{"line":22,"column":1},"end":{"line":22,"column":5}},"loc":{"start":{"line":22,"column":1},"end":{"line":24,"column":2}}},"4":{"name":"(anonymous_10)","decl":{"start":{"line":26,"column":1},"end":{"line":26,"column":22}},"loc":{"start":{"line":26,"column":1},"end":{"line":28,"column":2}}}},"branchMap":{"0":{"loc":{"start":{"line":10,"column":2},"end":{"line":10,"column":null}},"type":"binary-expr","locations":[{"start":{"line":10,"column":2},"end":{"line":10,"column":43}},{"start":{"line":10,"column":43},"end":{"line":10,"column":null}}]}},"s":{"0":3,"1":3,"2":3,"3":4,"4":4,"5":4,"6":3,"7":6,"8":6,"9":6,"10":3,"11":18,"12":3,"13":15,"14":3},"f":{"0":3,"1":4,"2":6,"3":18,"4":15},"b":{"0":[4,4]}}
,"/Users/pavlo/pets/rock-paper-scissors/src/js/Player/PlayerFactory.ts": {"path":"/Users/pavlo/pets/rock-paper-scissors/src/js/Player/PlayerFactory.ts","statementMap":{"0":{"start":{"line":2,"column":0},"end":{"line":2,"column":46}},"1":{"start":{"line":3,"column":0},"end":{"line":3,"column":34}},"2":{"start":{"line":4,"column":0},"end":{"line":4,"column":38}},"3":{"start":{"line":6,"column":0},"end":{"line":6,"column":null}},"4":{"start":{"line":9,"column":1},"end":{"line":22,"column":null}},"5":{"start":{"line":15,"column":2},"end":{"line":19,"column":null}},"6":{"start":{"line":16,"column":3},"end":{"line":16,"column":63}},"7":{"start":{"line":18,"column":3},"end":{"line":18,"column":61}},"8":{"start":{"line":21,"column":2},"end":{"line":21,"column":21}},"9":{"start":{"line":23,"column":0},"end":{"line":23,"column":null}}},"fnMap":{"0":{"name":"(anonymous_0)","decl":{"start":{"line":6,"column":0},"end":{"line":6,"column":null}},"loc":{"start":{"line":6,"column":0},"end":{"line":23,"column":null}}},"1":{"name":"(anonymous_2)","decl":{"start":{"line":9,"column":1},"end":{"line":9,"column":13}},"loc":{"start":{"line":13,"column":30},"end":{"line":22,"column":2}}}},"branchMap":{"0":{"loc":{"start":{"line":15,"column":2},"end":{"line":19,"column":null}},"type":"if","locations":[{"start":{"line":15,"column":2},"end":{"line":19,"column":null}},{"start":{"line":17,"column":9},"end":{"line":19,"column":null}}]}},"s":{"0":3,"1":3,"2":3,"3":3,"4":3,"5":6,"6":2,"7":4,"8":6,"9":3},"f":{"0":7,"1":6},"b":{"0":[2,4]}}
,"/Users/pavlo/pets/rock-paper-scissors/src/js/Player/PlayerUser.ts": {"path":"/Users/pavlo/pets/rock-paper-scissors/src/js/Player/PlayerUser.ts","statementMap":{"0":{"start":{"line":2,"column":0},"end":{"line":2,"column":46}},"1":{"start":{"line":4,"column":0},"end":{"line":4,"column":null}},"2":{"start":{"line":4,"column":40},"end":{"line":4,"column":46}},"3":{"start":{"line":10,"column":2},"end":{"line":10,"column":null}},"4":{"start":{"line":11,"column":2},"end":{"line":11,"column":30}},"5":{"start":{"line":13,"column":2},"end":{"line":23,"column":5}},"6":{"start":{"line":14,"column":18},"end":{"line":14,"column":41}},"7":{"start":{"line":16,"column":3},"end":{"line":22,"column":null}},"8":{"start":{"line":17,"column":4},"end":{"line":19,"column":6}},"9":{"start":{"line":20,"column":4},"end":{"line":20,"column":24}},"10":{"start":{"line":21,"column":4},"end":{"line":21,"column":42}},"11":{"start":{"line":26,"column":1},"end":{"line":28,"column":null}},"12":{"start":{"line":27,"column":2},"end":{"line":27,"column":29}},"13":{"start":{"line":30,"column":1},"end":{"line":32,"column":null}},"14":{"start":{"line":31,"column":2},"end":{"line":31,"column":33}},"15":{"start":{"line":34,"column":1},"end":{"line":45,"column":null}},"16":{"start":{"line":35,"column":2},"end":{"line":44,"column":4}},"17":{"start":{"line":40,"column":7},"end":{"line":40,"column":null}},"18":{"start":{"line":46,"column":0},"end":{"line":46,"column":null}}},"fnMap":{"0":{"name":"(anonymous_6)","decl":{"start":{"line":4,"column":0},"end":{"line":4,"column":40}},"loc":{"start":{"line":4,"column":0},"end":{"line":46,"column":null}}},"1":{"name":"PlayerUser","decl":{"start":{"line":5,"column":1},"end":{"line":5,"column":null}},"loc":{"start":{"line":8,"column":30},"end":{"line":24,"column":2}}},"2":{"name":"(anonymous_8)","decl":{"start":{"line":13,"column":49},"end":{"line":13,"column":50}},"loc":{"start":{"line":13,"column":51},"end":{"line":23,"column":3}}},"3":{"name":"(anonymous_9)","decl":{"start":{"line":26,"column":1},"end":{"line":26,"column":13}},"loc":{"start":{"line":26,"column":1},"end":{"line":28,"column":2}}},"4":{"name":"(anonymous_10)","decl":{"start":{"line":30,"column":1},"end":{"line":30,"column":5}},"loc":{"start":{"line":30,"column":1},"end":{"line":32,"column":2}}},"5":{"name":"(anonymous_11)","decl":{"start":{"line":34,"column":1},"end":{"line":34,"column":22}},"loc":{"start":{"line":34,"column":1},"end":{"line":45,"column":2}}},"6":{"name":"(anonymous_12)","decl":{"start":{"line":39,"column":6},"end":{"line":39,"column":7}},"loc":{"start":{"line":39,"column":8},"end":{"line":40,"column":30}}}},"branchMap":{"0":{"loc":{"start":{"line":10,"column":2},"end":{"line":10,"column":null}},"type":"binary-expr","locations":[{"start":{"line":10,"column":2},"end":{"line":10,"column":43}},{"start":{"line":10,"column":43},"end":{"line":10,"column":null}}]},"1":{"loc":{"start":{"line":16,"column":3},"end":{"line":22,"column":null}},"type":"if","locations":[{"start":{"line":16,"column":3},"end":{"line":22,"column":null}}]}},"s":{"0":4,"1":4,"2":4,"3":7,"4":7,"5":7,"6":1,"7":1,"8":1,"9":1,"10":1,"11":4,"12":1,"13":4,"14":16,"15":4,"16":16,"17":26,"18":4},"f":{"0":4,"1":7,"2":1,"3":1,"4":16,"5":16,"6":26},"b":{"0":[7,7],"1":[1]}}
,"/Users/pavlo/pets/rock-paper-scissors/src/js/Weapon/Weapon.ts": {"path":"/Users/pavlo/pets/rock-paper-scissors/src/js/Weapon/Weapon.ts","statementMap":{"0":{"start":{"line":3,"column":0},"end":{"line":3,"column":null}},"1":{"start":{"line":9,"column":2},"end":{"line":9,"column":30}},"2":{"start":{"line":10,"column":2},"end":{"line":10,"column":30}},"3":{"start":{"line":11,"column":2},"end":{"line":11,"column":32}},"4":{"start":{"line":14,"column":1},"end":{"line":21,"column":null}},"5":{"start":{"line":15,"column":2},"end":{"line":20,"column":4}},"6":{"start":{"line":22,"column":0},"end":{"line":22,"column":null}}},"fnMap":{"0":{"name":"(anonymous_0)","decl":{"start":{"line":3,"column":0},"end":{"line":3,"column":null}},"loc":{"start":{"line":3,"column":0},"end":{"line":22,"column":null}}},"1":{"name":"Weapon","decl":{"start":{"line":8,"column":1},"end":{"line":8,"column":13}},"loc":{"start":{"line":8,"column":35},"end":{"line":12,"column":2}}},"2":{"name":"(anonymous_2)","decl":{"start":{"line":14,"column":1},"end":{"line":14,"column":7}},"loc":{"start":{"line":14,"column":1},"end":{"line":21,"column":2}}}},"branchMap":{},"s":{"0":4,"1":16,"2":16,"3":16,"4":4,"5":17,"6":4},"f":{"0":4,"1":16,"2":17},"b":{}}
,"/Users/pavlo/pets/rock-paper-scissors/src/js/Weapon/WeaponManager.ts": {"path":"/Users/pavlo/pets/rock-paper-scissors/src/js/Weapon/WeaponManager.ts","statementMap":{"0":{"start":{"line":3,"column":0},"end":{"line":3,"column":null}},"1":{"start":{"line":7,"column":2},"end":{"line":7,"column":20}},"2":{"start":{"line":10,"column":1},"end":{"line":12,"column":null}},"3":{"start":{"line":11,"column":2},"end":{"line":11,"column":57}},"4":{"start":{"line":11,"column":34},"end":{"line":11,"column":56}},"5":{"start":{"line":14,"column":1},"end":{"line":16,"column":null}},"6":{"start":{"line":15,"column":2},"end":{"line":15,"column":57}},"7":{"start":{"line":15,"column":34},"end":{"line":15,"column":56}},"8":{"start":{"line":18,"column":1},"end":{"line":20,"column":null}},"9":{"start":{"line":19,"column":2},"end":{"line":19,"column":71}},"10":{"start":{"line":22,"column":1},"end":{"line":50,"column":null}},"11":{"start":{"line":22,"column":1},"end":{"line":22,"column":10}},"12":{"start":{"line":24,"column":2},"end":{"line":26,"column":null}},"13":{"start":{"line":25,"column":3},"end":{"line":25,"column":67}},"14":{"start":{"line":29,"column":2},"end":{"line":31,"column":null}},"15":{"start":{"line":30,"column":3},"end":{"line":30,"column":66}},"16":{"start":{"line":33,"column":2},"end":{"line":47,"column":5}},"17":{"start":{"line":34,"column":3},"end":{"line":36,"column":null}},"18":{"start":{"line":35,"column":4},"end":{"line":35,"column":65}},"19":{"start":{"line":38,"column":26},"end":{"line":38,"column":59}},"20":{"start":{"line":40,"column":3},"end":{"line":46,"column":null}},"21":{"start":{"line":45,"column":4},"end":{"line":45,"column":55}},"22":{"start":{"line":49,"column":2},"end":{"line":49,"column":28}},"23":{"start":{"line":51,"column":0},"end":{"line":51,"column":null}}},"fnMap":{"0":{"name":"(anonymous_0)","decl":{"start":{"line":3,"column":0},"end":{"line":3,"column":null}},"loc":{"start":{"line":3,"column":0},"end":{"line":51,"column":null}}},"1":{"name":"WeaponManager","decl":{"start":{"line":6,"column":1},"end":{"line":6,"column":null}},"loc":{"start":{"line":6,"column":1},"end":{"line":8,"column":2}}},"2":{"name":"(anonymous_2)","decl":{"start":{"line":10,"column":1},"end":{"line":10,"column":10}},"loc":{"start":{"line":10,"column":29},"end":{"line":12,"column":2}}},"3":{"name":"(anonymous_3)","decl":{"start":{"line":11,"column":27},"end":{"line":11,"column":28}},"loc":{"start":{"line":11,"column":29},"end":{"line":11,"column":35}}},"4":{"name":"(anonymous_4)","decl":{"start":{"line":14,"column":1},"end":{"line":14,"column":16}},"loc":{"start":{"line":14,"column":35},"end":{"line":16,"column":2}}},"5":{"name":"(anonymous_5)","decl":{"start":{"line":15,"column":27},"end":{"line":15,"column":28}},"loc":{"start":{"line":15,"column":29},"end":{"line":15,"column":35}}},"6":{"name":"(anonymous_6)","decl":{"start":{"line":18,"column":1},"end":{"line":18,"column":16}},"loc":{"start":{"line":18,"column":1},"end":{"line":20,"column":2}}},"7":{"name":"(anonymous_7)","decl":{"start":{"line":22,"column":1},"end":{"line":22,"column":10}},"loc":{"start":{"line":22,"column":25},"end":{"line":50,"column":2}}},"8":{"name":"(anonymous_8)","decl":{"start":{"line":33,"column":23},"end":{"line":33,"column":24}},"loc":{"start":{"line":33,"column":35},"end":{"line":47,"column":3}}}},"branchMap":{"0":{"loc":{"start":{"line":24,"column":2},"end":{"line":26,"column":null}},"type":"if","locations":[{"start":{"line":24,"column":2},"end":{"line":26,"column":null}}]},"1":{"loc":{"start":{"line":29,"column":2},"end":{"line":31,"column":null}},"type":"if","locations":[{"start":{"line":29,"column":2},"end":{"line":31,"column":null}}]},"2":{"loc":{"start":{"line":34,"column":3},"end":{"line":36,"column":null}},"type":"if","locations":[{"start":{"line":34,"column":3},"end":{"line":36,"column":null}}]},"3":{"loc":{"start":{"line":40,"column":3},"end":{"line":46,"column":null}},"type":"if","locations":[{"start":{"line":40,"column":3},"end":{"line":46,"column":null}}]},"4":{"loc":{"start":{"line":41,"column":4},"end":{"line":43,"column":46}},"type":"binary-expr","locations":[{"start":{"line":41,"column":4},"end":{"line":41,"column":18}},{"start":{"line":42,"column":4},"end":{"line":42,"column":38}},{"start":{"line":43,"column":4},"end":{"line":43,"column":46}}]}},"s":{"0":5,"1":10,"2":5,"3":17,"4":11,"5":5,"6":15,"7":9,"8":5,"9":7,"10":5,"11":16,"12":16,"13":1,"14":15,"15":1,"16":14,"17":14,"18":1,"19":13,"20":13,"21":1,"22":12,"23":5},"f":{"0":5,"1":10,"2":17,"3":11,"4":15,"5":9,"6":7,"7":16,"8":14},"b":{"0":[1],"1":[1],"2":[1],"3":[1],"4":[13,5,5]}}
}
