TN:
SF:src/js/Game/Game.ts
FN:7,(anonymous_0)
FN:17,Game
FN:27,(anonymous_2)
FN:51,(anonymous_3)
FN:66,(anonymous_4)
FN:72,(anonymous_5)
FN:86,(anonymous_6)
FN:107,(anonymous_7)
FN:112,(anonymous_8)
FN:114,(anonymous_9)
FN:119,(anonymous_10)
FN:124,(anonymous_11)
FN:130,(anonymous_12)
FNF:13
FNH:13
FNDA:2,(anonymous_0)
FNDA:2,Game
FNDA:6,(anonymous_2)
FNDA:2,(anonymous_3)
FNDA:1,(anonymous_4)
FNDA:4,(anonymous_5)
FNDA:5,(anonymous_6)
FNDA:4,(anonymous_7)
FNDA:2,(anonymous_8)
FNDA:1,(anonymous_9)
FNDA:1,(anonymous_10)
FNDA:6,(anonymous_11)
FNDA:10,(anonymous_12)
DA:1,2
DA:2,2
DA:3,2
DA:5,2
DA:7,2
DA:17,2
DA:22,2
DA:23,2
DA:26,2
DA:27,2
DA:28,6
DA:32,2
DA:33,2
DA:34,2
DA:35,2
DA:38,2
DA:39,2
DA:44,2
DA:48,2
DA:51,2
DA:52,2
DA:58,2
DA:66,2
DA:67,1
DA:68,1
DA:69,1
DA:72,2
DA:73,4
DA:74,4
DA:76,4
DA:77,4
DA:79,4
DA:81,4
DA:82,1
DA:86,2
DA:87,5
DA:88,5
DA:90,5
DA:91,1
DA:94,4
DA:95,1
DA:96,1
DA:97,3
DA:98,1
DA:99,1
DA:101,2
DA:104,4
DA:107,2
DA:108,4
DA:109,4
DA:112,2
DA:114,2
DA:115,1
DA:119,2
DA:120,1
DA:124,2
DA:125,6
DA:130,2
DA:131,10
DA:132,10
DA:134,2
LF:61
LH:61
BRDA:81,0,0,1
BRDA:90,1,0,1
BRDA:90,2,0,5
BRDA:90,2,1,4
BRDA:94,3,0,1
BRDA:94,3,1,3
BRDA:97,4,0,1
BRDA:97,4,1,2
BRDA:126,5,0,6
BRDA:126,5,1,2
BRF:10
BRH:10
end_of_record
TN:
SF:src/js/Player/Player.ts
FN:4,(anonymous_0)
FN:9,(anonymous_1)
FN:23,Player
FN:49,(anonymous_3)
FN:54,(anonymous_4)
FN:60,(anonymous_5)
FN:68,(anonymous_6)
FN:72,(anonymous_7)
FNF:8
FNH:8
FNDA:4,(anonymous_0)
FNDA:4,(anonymous_1)
FNDA:11,Player
FNDA:8,(anonymous_3)
FNDA:31,(anonymous_4)
FNDA:46,(anonymous_5)
FNDA:3,(anonymous_6)
FNDA:7,(anonymous_7)
DA:4,4
DA:5,4
DA:6,4
DA:9,4
DA:28,11
DA:29,11
DA:30,11
DA:31,11
DA:32,11
DA:34,11
DA:40,11
DA:49,4
DA:50,8
DA:51,8
DA:54,4
DA:55,31
DA:56,31
DA:57,31
DA:60,4
DA:61,46
DA:62,17
DA:63,17
DA:65,29
DA:68,4
DA:69,3
DA:72,4
DA:73,7
DA:75,4
LF:28
LH:28
BRDA:4,0,0,4
BRDA:4,0,1,4
BRDA:61,1,0,17
BRF:3
BRH:3
end_of_record
TN:
SF:src/js/Player/PlayerAI.ts
FN:4,(anonymous_6)
FN:5,PlayerUser
FN:16,(anonymous_8)
FN:22,(anonymous_9)
FN:26,(anonymous_10)
FNF:5
FNH:5
FNDA:3,(anonymous_6)
FNDA:4,PlayerUser
FNDA:6,(anonymous_8)
FNDA:18,(anonymous_9)
FNDA:15,(anonymous_10)
DA:2,3
DA:4,3
DA:10,4
DA:11,4
DA:13,4
DA:16,3
DA:17,6
DA:18,6
DA:19,6
DA:22,3
DA:23,18
DA:26,3
DA:27,15
DA:29,3
LF:14
LH:14
BRDA:10,0,0,4
BRDA:10,0,1,4
BRF:2
BRH:2
end_of_record
TN:
SF:src/js/Player/PlayerFactory.ts
FN:6,(anonymous_0)
FN:9,(anonymous_2)
FNF:2
FNH:2
FNDA:7,(anonymous_0)
FNDA:6,(anonymous_2)
DA:2,3
DA:3,3
DA:4,3
DA:6,3
DA:9,3
DA:15,6
DA:16,2
DA:18,4
DA:21,6
DA:23,3
LF:10
LH:10
BRDA:15,0,0,2
BRDA:15,0,1,4
BRF:2
BRH:2
end_of_record
TN:
SF:src/js/Player/PlayerUser.ts
FN:4,(anonymous_6)
FN:5,PlayerUser
FN:13,(anonymous_8)
FN:26,(anonymous_9)
FN:30,(anonymous_10)
FN:34,(anonymous_11)
FN:39,(anonymous_12)
FNF:7
FNH:7
FNDA:4,(anonymous_6)
FNDA:7,PlayerUser
FNDA:1,(anonymous_8)
FNDA:1,(anonymous_9)
FNDA:16,(anonymous_10)
FNDA:16,(anonymous_11)
FNDA:26,(anonymous_12)
DA:2,4
DA:4,4
DA:10,7
DA:11,7
DA:13,7
DA:14,1
DA:16,1
DA:17,1
DA:20,1
DA:21,1
DA:26,4
DA:27,1
DA:30,4
DA:31,16
DA:34,4
DA:35,16
DA:40,26
DA:46,4
LF:18
LH:18
BRDA:10,0,0,7
BRDA:10,0,1,7
BRDA:16,1,0,1
BRF:3
BRH:3
end_of_record
TN:
SF:src/js/Weapon/Weapon.ts
FN:3,(anonymous_0)
FN:8,Weapon
FN:14,(anonymous_2)
FNF:3
FNH:3
FNDA:4,(anonymous_0)
FNDA:16,Weapon
FNDA:17,(anonymous_2)
DA:3,4
DA:9,16
DA:10,16
DA:11,16
DA:14,4
DA:15,17
DA:22,4
LF:7
LH:7
BRF:0
BRH:0
end_of_record
TN:
SF:src/js/Weapon/WeaponManager.ts
FN:3,(anonymous_0)
FN:6,WeaponManager
FN:10,(anonymous_2)
FN:11,(anonymous_3)
FN:14,(anonymous_4)
FN:15,(anonymous_5)
FN:18,(anonymous_6)
FN:22,(anonymous_7)
FN:33,(anonymous_8)
FNF:9
FNH:9
FNDA:5,(anonymous_0)
FNDA:10,WeaponManager
FNDA:17,(anonymous_2)
FNDA:11,(anonymous_3)
FNDA:15,(anonymous_4)
FNDA:9,(anonymous_5)
FNDA:7,(anonymous_6)
FNDA:16,(anonymous_7)
FNDA:14,(anonymous_8)
DA:3,5
DA:7,10
DA:10,5
DA:11,17
DA:14,5
DA:15,15
DA:18,5
DA:19,7
DA:22,16
DA:24,16
DA:25,1
DA:29,15
DA:30,1
DA:33,14
DA:34,14
DA:35,1
DA:38,13
DA:40,13
DA:45,1
DA:49,12
DA:51,5
LF:21
LH:21
BRDA:24,0,0,1
BRDA:29,1,0,1
BRDA:34,2,0,1
BRDA:40,3,0,1
BRDA:41,4,0,13
BRDA:41,4,1,5
BRDA:41,4,2,5
BRF:7
BRH:7
end_of_record
